c:\users\dell\documents\visual studio 2015\projects\mudgame\mudgame\debug\vc140.pdb
c:\users\dell\documents\visual studio 2015\projects\mudgame\mudgame\debug\vc140.idb
c:\users\dell\documents\visual studio 2015\projects\mudgame\mudgame\debug\attributes.obj
c:\users\dell\documents\visual studio 2015\projects\mudgame\mudgame\debug\bag.obj
c:\users\dell\documents\visual studio 2015\projects\mudgame\mudgame\debug\character.obj
c:\users\dell\documents\visual studio 2015\projects\mudgame\mudgame\debug\demonmountain.obj
c:\users\dell\documents\visual studio 2015\projects\mudgame\mudgame\debug\demonshrine.obj
c:\users\dell\documents\visual studio 2015\projects\mudgame\mudgame\debug\equipment.obj
c:\users\dell\documents\visual studio 2015\projects\mudgame\mudgame\debug\fighting.obj
c:\users\dell\documents\visual studio 2015\projects\mudgame\mudgame\debug\greencitymountain.obj
c:\users\dell\documents\visual studio 2015\projects\mudgame\mudgame\debug\layer.obj
c:\users\dell\documents\visual studio 2015\projects\mudgame\mudgame\debug\main.obj
c:\users\dell\documents\visual studio 2015\projects\mudgame\mudgame\debug\monster.obj
c:\users\dell\documents\visual studio 2015\projects\mudgame\mudgame\debug\skill.obj
c:\users\dell\documents\visual studio 2015\projects\mudgame\mudgame\debug\skymountain.obj
c:\users\dell\documents\visual studio 2015\projects\mudgame\mudgame\debug\task.obj
c:\users\dell\documents\visual studio 2015\projects\mudgame\mudgame\debug\weapon.obj
c:\users\dell\documents\visual studio 2015\projects\mudgame\mudgame\debug\wudang.obj
c:\users\dell\documents\visual studio 2015\projects\mudgame\mudgame\debug\error.obj
c:\users\dell\documents\visual studio 2015\projects\mudgame\mudgame\debug\operating.obj
c:\users\dell\documents\visual studio 2015\projects\mudgame\debug\mudgame.ilk
c:\users\dell\documents\visual studio 2015\projects\mudgame\debug\mudgame.exe
c:\users\dell\documents\visual studio 2015\projects\mudgame\debug\mudgame.pdb
c:\users\dell\documents\visual studio 2015\projects\mudgame\mudgame\debug\mudgame.tlog\cl.command.1.tlog
c:\users\dell\documents\visual studio 2015\projects\mudgame\mudgame\debug\mudgame.tlog\cl.read.1.tlog
c:\users\dell\documents\visual studio 2015\projects\mudgame\mudgame\debug\mudgame.tlog\cl.write.1.tlog
c:\users\dell\documents\visual studio 2015\projects\mudgame\mudgame\debug\mudgame.tlog\link.command.1.tlog
c:\users\dell\documents\visual studio 2015\projects\mudgame\mudgame\debug\mudgame.tlog\link.read.1.tlog
c:\users\dell\documents\visual studio 2015\projects\mudgame\mudgame\debug\mudgame.tlog\link.write.1.tlog
